2023-03-07 14:08:06.334  INFO 11028 --- [main] c.e.EventManagementSystemApplication     : Starting EventManagementSystemApplication using Java 19 on inlen8520086498 with PID 11028 (C:\Users\AKKUKUDA\Downloads\shopping service\target\classes started by akkukuda in C:\Users\AKKUKUDA\Downloads\shopping service)
2023-03-07 14:08:06.347  INFO 11028 --- [main] c.e.EventManagementSystemApplication     : No active profile set, falling back to 1 default profile: "default"
2023-03-07 14:08:07.374  INFO 11028 --- [main] .s.d.r.c.RepositoryConfigurationDelegate : Bootstrapping Spring Data JPA repositories in DEFAULT mode.
2023-03-07 14:08:07.518  INFO 11028 --- [main] .s.d.r.c.RepositoryConfigurationDelegate : Finished Spring Data repository scanning in 125 ms. Found 2 JPA repository interfaces.
2023-03-07 14:08:08.373  INFO 11028 --- [main] o.s.b.w.embedded.tomcat.TomcatWebServer  : Tomcat initialized with port(s): 8080 (http)
2023-03-07 14:08:08.390  INFO 11028 --- [main] o.apache.catalina.core.StandardService   : Starting service [Tomcat]
2023-03-07 14:08:08.391  INFO 11028 --- [main] org.apache.catalina.core.StandardEngine  : Starting Servlet engine: [Apache Tomcat/9.0.58]
2023-03-07 14:08:08.499  INFO 11028 --- [main] o.a.c.c.C.[Tomcat].[localhost].[/]       : Initializing Spring embedded WebApplicationContext
2023-03-07 14:08:08.499  INFO 11028 --- [main] w.s.c.ServletWebServerApplicationContext : Root WebApplicationContext: initialization completed in 2075 ms
2023-03-07 14:08:08.798  INFO 11028 --- [main] o.hibernate.jpa.internal.util.LogHelper  : HHH000204: Processing PersistenceUnitInfo [name: default]
2023-03-07 14:08:08.885  INFO 11028 --- [main] org.hibernate.Version                    : HHH000412: Hibernate ORM core version 5.6.5.Final
2023-03-07 14:08:09.230  INFO 11028 --- [main] o.hibernate.annotations.common.Version   : HCANN000001: Hibernate Commons Annotations {5.1.2.Final}
2023-03-07 14:08:09.501  INFO 11028 --- [main] com.zaxxer.hikari.HikariDataSource       : HikariPool-1 - Starting...
2023-03-07 14:08:09.795  INFO 11028 --- [main] com.zaxxer.hikari.HikariDataSource       : HikariPool-1 - Start completed.
2023-03-07 14:08:09.843  INFO 11028 --- [main] org.hibernate.dialect.Dialect            : HHH000400: Using dialect: org.hibernate.dialect.PostgreSQL10Dialect
2023-03-07 14:08:10.883  INFO 11028 --- [main] o.h.e.t.j.p.i.JtaPlatformInitiator       : HHH000490: Using JtaPlatform implementation: [org.hibernate.engine.transaction.jta.platform.internal.NoJtaPlatform]
2023-03-07 14:08:10.891  INFO 11028 --- [main] j.LocalContainerEntityManagerFactoryBean : Initialized JPA EntityManagerFactory for persistence unit 'default'
2023-03-07 14:08:11.720  WARN 11028 --- [main] ConfigServletWebServerApplicationContext : Exception encountered during context initialization - cancelling refresh attempt: org.springframework.context.ApplicationContextException: Failed to start bean 'webServerStartStop'; nested exception is org.springframework.boot.web.server.PortInUseException: Port 8080 is already in use
2023-03-07 14:08:11.722  INFO 11028 --- [main] j.LocalContainerEntityManagerFactoryBean : Closing JPA EntityManagerFactory for persistence unit 'default'
2023-03-07 14:08:11.724  INFO 11028 --- [main] com.zaxxer.hikari.HikariDataSource       : HikariPool-1 - Shutdown initiated...
2023-03-07 14:08:11.737  INFO 11028 --- [main] com.zaxxer.hikari.HikariDataSource       : HikariPool-1 - Shutdown completed.
2023-03-07 14:08:11.741  INFO 11028 --- [main] o.apache.catalina.core.StandardService   : Stopping service [Tomcat]
2023-03-07 14:08:11.761  INFO 11028 --- [main] ConditionEvaluationReportLoggingListener : 

Error starting ApplicationContext. To display the conditions report re-run your application with 'debug' enabled.
2023-03-07 14:08:11.778 ERROR 11028 --- [main] o.s.b.d.LoggingFailureAnalysisReporter   : 

***************************
APPLICATION FAILED TO START
***************************

Description:

Web server failed to start. Port 8080 was already in use.

Action:

Identify and stop the process that's listening on port 8080 or configure this application to listen on another port.

